<?xml version="1.0" encoding="UTF-8"?>
<!-- Generated by org.testng.reporters.JUnitReportReporter -->
<testsuite hostname="INPF185C5H" failures="0" tests="2" name="work.application" time="19.564" errors="0" timestamp="2020-01-01T23:57:01 IST" skipped="0">
  <testcase classname="work.application" name="openBrowser" time="7.685"/>
  <testcase classname="work.application" name="openBrowser" time="11.879"/>
</testsuite> <!-- work.application -->
