<?xml version="1.0" encoding="UTF-8"?>
<!-- Generated by org.testng.reporters.JUnitReportReporter -->
<testsuite hostname="LAPTOP-P34I9C3O" failures="0" tests="1" name="flow.titlevalidate" time="0.068" errors="0" timestamp="22 Dec 2019 15:33:24 GMT" skipped="0">
  <testcase classname="flow.titlevalidate" name="hBrowser" time="0.068"/>
</testsuite> <!-- flow.titlevalidate -->
