<?xml version="1.0" encoding="UTF-8"?>
<!-- Generated by org.testng.reporters.JUnitReportReporter -->
<testsuite hostname="LAPTOP-P34I9C3O" failures="0" tests="2" name="flow.application" time="17.470" errors="0" timestamp="22 Dec 2019 15:33:24 GMT" skipped="0">
  <testcase classname="flow.application" name="openBrowser" time="11.031"/>
  <testcase classname="flow.application" name="openBrowser" time="6.439"/>
</testsuite> <!-- flow.application -->
