<?xml version="1.0" encoding="UTF-8"?>
<!-- Generated by org.testng.reporters.JUnitReportReporter -->
<testsuite hostname="INPF185C5H" failures="0" tests="1" name="work.validation" time="11.447" errors="0" timestamp="2020-01-01T23:57:01 IST" skipped="0">
  <testcase classname="work.validation" name="oBrowser" time="11.447"/>
</testsuite> <!-- work.validation -->
