<?xml version="1.0" encoding="UTF-8"?>
<!-- Generated by org.testng.reporters.JUnitReportReporter -->
<testsuite hostname="LAPTOP-P34I9C3O" failures="0" tests="1" name="flow.HomePage" time="11.306" errors="0" timestamp="15 Dec 2019 09:51:19 GMT" skipped="0">
  <testcase classname="flow.HomePage" name="openBrowser" time="11.306"/>
</testsuite> <!-- flow.HomePage -->
