<?xml version="1.0" encoding="UTF-8"?>
<!-- Generated by org.testng.reporters.JUnitReportReporter -->
<testsuite skipped="0" hostname="INPF185C5H" name="work.validation" tests="1" failures="0" timestamp="05 Jan 2020 15:29:23 GMT" time="22.861" errors="0">
  <testcase name="oBrowser" time="22.861" classname="work.validation"/>
</testsuite> <!-- work.validation -->
