<?xml version="1.0" encoding="UTF-8"?>
<!-- Generated by org.testng.reporters.JUnitReportReporter -->
<testsuite skipped="0" hostname="INPF185C5H" name="work.titlevalidate" tests="1" failures="0" timestamp="05 Jan 2020 15:29:23 GMT" time="0.409" errors="0">
  <testcase name="hBrowser" time="0.409" classname="work.titlevalidate"/>
</testsuite> <!-- work.titlevalidate -->
