<?xml version="1.0" encoding="UTF-8"?>
<!-- Generated by org.testng.reporters.JUnitReportReporter -->
<testsuite skipped="0" hostname="INPF185C5H" name="work.application" tests="2" failures="0" timestamp="05 Jan 2020 15:29:23 GMT" time="60.705" errors="0">
  <testcase name="openBrowser" time="49.961" classname="work.application"/>
  <testcase name="openBrowser" time="10.744" classname="work.application"/>
</testsuite> <!-- work.application -->
